<?xml version="1.0" encoding="UTF-8"?>
<testsuite name="ch.noseryoung.test.TriangleValidatorTests" tests="1" skipped="0" failures="0" errors="0" timestamp="2023-03-24T10:54:53" hostname="MSI" time="0.02">
  <properties/>
  <testcase name="isIsosceles_TriangleIsScalene_isFalse()" classname="ch.noseryoung.test.TriangleValidatorTests" time="0.02"/>
  <system-out><![CDATA[]]></system-out>
  <system-err><![CDATA[]]></system-err>
</testsuite>
